#
# A fatal error has been detected by the Java Runtime Environment:
#
#  EXCEPTION_ACCESS_VIOLATION (0xc0000005) at pc=0x00007ff8cae1d030, pid=15944, tid=0x0000000000002864
#
# JRE version: Java(TM) SE Runtime Environment (8.0_261-b12) (build 1.8.0_261-b12)
# Java VM: Java HotSpot(TM) 64-Bit Server VM (25.261-b12 mixed mode windows-amd64 compressed oops)
# Problematic frame:
# C  [ntdll.dll+0xd030]
#
# Failed to write core dump. Minidumps are not enabled by default on client versions of Windows
#
# If you would like to submit a bug report, please visit:
#   http://bugreport.java.com/bugreport/crash.jsp
# The crash happened outside the Java Virtual Machine in native code.
# See problematic frame for where to report the bug.
#

---------------  T H R E A D  ---------------

Current thread (0x000002c7de189000):  JavaThread "main" [_thread_in_native, id=10340, stack(0x000000dbb8600000,0x000000dbb8700000)]

siginfo: ExceptionCode=0xc0000005, reading address 0xffffffffde140010

Registers:
RAX=0x0000000010024ba0, RBX=0xffffffffde140000, RCX=0xffffffffde140000, RDX=0x0000000000000008
RSP=0x000000dbb86feec0, RBP=0x000000dbb86fef80, RSI=0x0000000000000008, RDI=0x0000000000000028
R8 =0x0000000000000028, R9 =0x0000000000000008, R10=0x000002c7dfaf4c1b, R11=0x000000006e579e30
R12=0x0000000000000000, R13=0x000002c7f1f93ff0, R14=0x000000dbb86fefb8, R15=0x000002c7de189000
RIP=0x00007ff8cae1d030, EFLAGS=0x0000000000010286

Top of Stack: (sp=0x000000dbb86feec0)
0x000000dbb86feec0:   000002c700000004 000000dbb86fee01
0x000000dbb86feed0:   000002c7f1fb4100 00000007c0093e70
0x000000dbb86feee0:   0000000400000019 000002c7f1dff928
0x000000dbb86feef0:   0000000000000013 000002c7dfaf4c47
0x000000dbb86fef00:   000002c7f1f93ff0 0000000000000000
0x000000dbb86fef10:   000002c7f1dff928 000002c7f1fb39f0
0x000000dbb86fef20:   0000000700000028 000002c7de189000
0x000000dbb86fef30:   000000dbb86ff098 000002c7f1e00fb0
0x000000dbb86fef40:   000000dbb86fef40 0000000000000000
0x000000dbb86fef50:   000000dbb86fefb8 000002c7f1fac4b8
0x000000dbb86fef60:   0000000000000000 000002c7f1f93ff0
0x000000dbb86fef70:   0000000000000000 000000dbb86fefa0
0x000000dbb86fef80:   000000dbb86ff000 000002c7dfad7f50
0x000000dbb86fef90:   00000005c2415350 000002c7dfae96f7
0x000000dbb86fefa0:   0000000000000028 0000000000000008
0x000000dbb86fefb0:   ffffffffde140000 0000000000000014 

Instructions: (pc=0x00007ff8cae1d030)
0x00007ff8cae1d010:   48 89 5c 24 08 48 89 74 24 10 57 48 83 ec 30 49
0x00007ff8cae1d020:   8b f8 8b f2 48 8b d9 48 85 c9 0f 84 dc f3 09 00
0x00007ff8cae1d030:   81 7b 10 ee dd ee dd 44 8b c6 48 8b d7 48 8b cb
0x00007ff8cae1d040:   74 20 f6 05 1f 90 15 00 02 75 2b 45 33 c9 48 8b 


Register to memory mapping:

RAX=0x0000000010024ba0 is an unknown value
RBX=0xffffffffde140000 is an unknown value
RCX=0xffffffffde140000 is an unknown value
RDX=0x0000000000000008 is an unknown value
RSP=0x000000dbb86feec0 is pointing into the stack for thread: 0x000002c7de189000
RBP=0x000000dbb86fef80 is pointing into the stack for thread: 0x000002c7de189000
RSI=0x0000000000000008 is an unknown value
RDI=0x0000000000000028 is an unknown value
R8 =0x0000000000000028 is an unknown value
R9 =0x0000000000000008 is an unknown value
R10=0x000002c7dfaf4c1b is at code_begin+1915 in an Interpreter codelet
method entry point (kind = native)  [0x000002c7dfaf44a0, 0x000002c7dfaf5780]  4832 bytes
R11=0x000000006e579e30 is an unknown value
R12=0x0000000000000000 is an unknown value
R13={method} {0x000002c7f1f93ff8} 'HeapAlloc' '(JII)J' in 'org/eclipse/swt/internal/win32/OS'
R14=0x000000dbb86fefb8 is pointing into the stack for thread: 0x000002c7de189000
R15=0x000002c7de189000 is a thread


Stack: [0x000000dbb8600000,0x000000dbb8700000],  sp=0x000000dbb86feec0,  free space=1019k
Native frames: (J=compiled Java code, j=interpreted, Vv=VM code, C=native code)
C  [ntdll.dll+0xd030]
C  0x000002c7dfaf4c47

Java frames: (J=compiled Java code, j=interpreted, Vv=VM code)
j  org.eclipse.swt.internal.win32.OS.HeapAlloc(JII)J+0
j  com.sp.Control.InvokeProgram.invokePutty(Lcom/sp/Model/ConfigSession;)V+72
j  com.sp.Control.InvokeProgram$1.run()V+11
j  org.eclipse.swt.widgets.RunnableLock.run()V+11
j  org.eclipse.swt.widgets.Synchronizer.runAsyncMessages(Z)Z+37
J 2846 C1 org.eclipse.swt.widgets.Display.runAsyncMessages(Z)Z (9 bytes) @ 0x000002c7dfbd905c [0x000002c7dfbd8fc0+0x9c]
j  org.eclipse.swt.widgets.Display.readAndDispatch()Z+91
j  com.sp.UI.MainFrame.main([Ljava/lang/String;)V+15
v  ~StubRoutines::call_stub

---------------  P R O C E S S  ---------------

Java Threads: ( => current thread )
  0x000002c7f871f000 JavaThread "AWT-Shutdown" [_thread_blocked, id=14664, stack(0x000000dbbab00000,0x000000dbbac00000)]
  0x000002c7f8722800 JavaThread "Thread-14" [_thread_blocked, id=16052, stack(0x000000dbbaa00000,0x000000dbbab00000)]
  0x000002c7f871d800 JavaThread "Thread-12" daemon [_thread_in_native, id=16248, stack(0x000000dbba900000,0x000000dbbaa00000)]
  0x000002c7f481d000 JavaThread "SIGINT handler" daemon [_thread_blocked, id=14656, stack(0x000000dbb9800000,0x000000dbb9900000)]
  0x000002c7f47ff000 JavaThread "Thread-20" [_thread_blocked, id=15280, stack(0x000000dbb9600000,0x000000dbb9700000)]
  0x000002c7f54fe000 JavaThread "Hibernate Connection Pool Validation Thread" daemon [_thread_blocked, id=3844, stack(0x000000dbba500000,0x000000dbba600000)]
  0x000002c7fb04e800 JavaThread "Hibernate Connection Pool Validation Thread" daemon [_thread_blocked, id=15396, stack(0x000000dbba400000,0x000000dbba500000)]
  0x000002c7f8b27000 JavaThread "Hibernate Connection Pool Validation Thread" daemon [_thread_blocked, id=6800, stack(0x000000dbba000000,0x000000dbba100000)]
  0x000002c7f5d3f800 JavaThread "Hibernate Connection Pool Validation Thread" daemon [_thread_blocked, id=15636, stack(0x000000dbba300000,0x000000dbba400000)]
  0x000002c7f5d0f000 JavaThread "MVStore background writer nio:C:/Users/Administrator/smartputty.db.mv.db" daemon [_thread_blocked, id=15872, stack(0x000000dbba200000,0x000000dbba300000)]
  0x000002c7f59b6000 JavaThread "Java2D Disposer" daemon [_thread_blocked, id=14952, stack(0x000000dbb9f00000,0x000000dbba000000)]
  0x000002c7f4b12000 JavaThread "Service Thread" daemon [_thread_blocked, id=516, stack(0x000000dbb9d00000,0x000000dbb9e00000)]
  0x000002c7f4a58000 JavaThread "C1 CompilerThread3" daemon [_thread_blocked, id=15104, stack(0x000000dbb9c00000,0x000000dbb9d00000)]
  0x000002c7f4a55000 JavaThread "C2 CompilerThread2" daemon [_thread_blocked, id=13384, stack(0x000000dbb9b00000,0x000000dbb9c00000)]
  0x000002c7f4a54800 JavaThread "C2 CompilerThread1" daemon [_thread_blocked, id=15592, stack(0x000000dbb9a00000,0x000000dbb9b00000)]
  0x000002c7f4a46000 JavaThread "C2 CompilerThread0" daemon [_thread_blocked, id=15284, stack(0x000000dbb9900000,0x000000dbb9a00000)]
  0x000002c7f4805800 JavaThread "JDWP Event Helper Thread" daemon [_thread_blocked, id=14340, stack(0x000000dbb9700000,0x000000dbb9800000)]
  0x000002c7f23ef800 JavaThread "Attach Listener" daemon [_thread_blocked, id=15840, stack(0x000000dbb9500000,0x000000dbb9600000)]
  0x000002c7f23d9000 JavaThread "Signal Dispatcher" daemon [_thread_blocked, id=13656, stack(0x000000dbb9400000,0x000000dbb9500000)]
  0x000002c7f23bf800 JavaThread "Finalizer" daemon [_thread_blocked, id=15916, stack(0x000000dbb9300000,0x000000dbb9400000)]
  0x000002c7f23b7800 JavaThread "Reference Handler" daemon [_thread_blocked, id=12300, stack(0x000000dbb9200000,0x000000dbb9300000)]
=>0x000002c7de189000 JavaThread "main" [_thread_in_native, id=10340, stack(0x000000dbb8600000,0x000000dbb8700000)]

Other Threads:
  0x000002c7f238b800 VMThread [stack: 0x000000dbb9100000,0x000000dbb9200000] [id=15244]
  0x000002c7f4ba0000 WatcherThread [stack: 0x000000dbb9e00000,0x000000dbb9f00000] [id=6024]

VM state:not at safepoint (normal execution)

VM Mutex/Monitor currently owned by a thread: None

heap address: 0x00000005c2200000, size: 8158 MB, Compressed Oops mode: Zero based, Oop shift amount: 3
Narrow klass base: 0x0000000000000000, Narrow klass shift: 3
Compressed class space size: 1073741824 Address: 0x00000007c0000000

Heap:
 PSYoungGen      total 152576K, used 75968K [0x0000000716100000, 0x0000000723d80000, 0x00000007c0000000)
  eden space 131072K, 57% used [0x0000000716100000,0x000000071ab30268,0x000000071e100000)
  from space 21504K, 0% used [0x000000071e100000,0x000000071e100000,0x000000071f600000)
  to   space 21504K, 0% used [0x0000000722880000,0x0000000722880000,0x0000000723d80000)
 ParOldGen       total 386560K, used 17607K [0x00000005c2200000, 0x00000005d9b80000, 0x0000000716100000)
  object space 386560K, 4% used [0x00000005c2200000,0x00000005c3331ef0,0x00000005d9b80000)
 Metaspace       used 39219K, capacity 39740K, committed 40360K, reserved 1085440K
  class space    used 4808K, capacity 4930K, committed 5040K, reserved 1048576K

Card table byte_map: [0x000002c7eee90000,0x000002c7efe80000] byte_map_base: 0x000002c7ec07f000

Marking Bits: (ParMarkBitMap*) 0x000000006eb34fb0
 Begin Bits: [0x000002c780000000, 0x000002c787f78000)
 End Bits:   [0x000002c787f78000, 0x000002c78fef0000)

Polling page: 0x000002c7de240000

CodeCache: size=245760Kb used=10702Kb max_used=11468Kb free=235057Kb
 bounds [0x000002c7dfad0000, 0x000002c7e0610000, 0x000002c7eead0000]
 total_blobs=3717 nmethods=2918 adapters=718
 compilation: enabled

Compilation events (10 events):
Event: 45.562 Thread 0x000002c7f4a58000 3142       3       java.util.logging.LogManager$LoggerContext::requiresDefaultLoggers (29 bytes)
Event: 45.563 Thread 0x000002c7f4a58000 nmethod 3142 0x000002c7dfec5050 code [0x000002c7dfec51c0, 0x000002c7dfec5610]
Event: 45.563 Thread 0x000002c7f4a58000 3143       3       org.eclipse.swt.internal.win32.OS::DispatchMessage (16 bytes)
Event: 45.564 Thread 0x000002c7f4a58000 nmethod 3143 0x000002c7dfc91110 code [0x000002c7dfc91280, 0x000002c7dfc91410]
Event: 45.579 Thread 0x000002c7f4a58000 3146       3       java.util.Formatter::toString (12 bytes)
Event: 45.579 Thread 0x000002c7f4a58000 nmethod 3146 0x000002c7dfdc5d50 code [0x000002c7dfdc5ee0, 0x000002c7dfdc6220]
Event: 45.579 Thread 0x000002c7f4a58000 3144       3       java.util.Formatter::<init> (23 bytes)
Event: 45.579 Thread 0x000002c7f4a58000 nmethod 3144 0x000002c7dfc3c4d0 code [0x000002c7dfc3c660, 0x000002c7dfc3ca60]
Event: 45.579 Thread 0x000002c7f4a58000 3145       3       java.util.Formatter::format (11 bytes)
Event: 45.579 Thread 0x000002c7f4a58000 nmethod 3145 0x000002c7dfd6a550 code [0x000002c7dfd6a6c0, 0x000002c7dfd6a8f0]

GC Heap History (10 events):
Event: 0.901 GC heap before
{Heap before GC invocations=1 (full 0):
 PSYoungGen      total 152576K, used 131072K [0x0000000716100000, 0x0000000720b00000, 0x00000007c0000000)
  eden space 131072K, 100% used [0x0000000716100000,0x000000071e100000,0x000000071e100000)
  from space 21504K, 0% used [0x000000071f600000,0x000000071f600000,0x0000000720b00000)
  to   space 21504K, 0% used [0x000000071e100000,0x000000071e100000,0x000000071f600000)
 ParOldGen       total 348160K, used 0K [0x00000005c2200000, 0x00000005d7600000, 0x0000000716100000)
  object space 348160K, 0% used [0x00000005c2200000,0x00000005c2200000,0x00000005d7600000)
 Metaspace       used 14332K, capacity 14538K, committed 14720K, reserved 1062912K
  class space    used 1562K, capacity 1619K, committed 1664K, reserved 1048576K
Event: 0.905 GC heap after
Heap after GC invocations=1 (full 0):
 PSYoungGen      total 152576K, used 7112K [0x0000000716100000, 0x0000000720b00000, 0x00000007c0000000)
  eden space 131072K, 0% used [0x0000000716100000,0x0000000716100000,0x000000071e100000)
  from space 21504K, 33% used [0x000000071e100000,0x000000071e7f21e0,0x000000071f600000)
  to   space 21504K, 0% used [0x000000071f600000,0x000000071f600000,0x0000000720b00000)
 ParOldGen       total 348160K, used 80K [0x00000005c2200000, 0x00000005d7600000, 0x0000000716100000)
  object space 348160K, 0% used [0x00000005c2200000,0x00000005c2214010,0x00000005d7600000)
 Metaspace       used 14332K, capacity 14538K, committed 14720K, reserved 1062912K
  class space    used 1562K, capacity 1619K, committed 1664K, reserved 1048576K
}
Event: 1.364 GC heap before
{Heap before GC invocations=2 (full 0):
 PSYoungGen      total 152576K, used 63836K [0x0000000716100000, 0x0000000720b00000, 0x00000007c0000000)
  eden space 131072K, 43% used [0x0000000716100000,0x00000007198650a8,0x000000071e100000)
  from space 21504K, 33% used [0x000000071e100000,0x000000071e7f21e0,0x000000071f600000)
  to   space 21504K, 0% used [0x000000071f600000,0x000000071f600000,0x0000000720b00000)
 ParOldGen       total 348160K, used 80K [0x00000005c2200000, 0x00000005d7600000, 0x0000000716100000)
  object space 348160K, 0% used [0x00000005c2200000,0x00000005c2214010,0x00000005d7600000)
 Metaspace       used 20880K, capacity 21146K, committed 21296K, reserved 1069056K
  class space    used 2516K, capacity 2597K, committed 2608K, reserved 1048576K
Event: 1.368 GC heap after
Heap after GC invocations=2 (full 0):
 PSYoungGen      total 152576K, used 8010K [0x0000000716100000, 0x0000000720b00000, 0x00000007c0000000)
  eden space 131072K, 0% used [0x0000000716100000,0x0000000716100000,0x000000071e100000)
  from space 21504K, 37% used [0x000000071f600000,0x000000071fdd28b0,0x0000000720b00000)
  to   space 21504K, 0% used [0x000000071e100000,0x000000071e100000,0x000000071f600000)
 ParOldGen       total 348160K, used 88K [0x00000005c2200000, 0x00000005d7600000, 0x0000000716100000)
  object space 348160K, 0% used [0x00000005c2200000,0x00000005c2216010,0x00000005d7600000)
 Metaspace       used 20880K, capacity 21146K, committed 21296K, reserved 1069056K
  class space    used 2516K, capacity 2597K, committed 2608K, reserved 1048576K
}
Event: 1.368 GC heap before
{Heap before GC invocations=3 (full 1):
 PSYoungGen      total 152576K, used 8010K [0x0000000716100000, 0x0000000720b00000, 0x00000007c0000000)
  eden space 131072K, 0% used [0x0000000716100000,0x0000000716100000,0x000000071e100000)
  from space 21504K, 37% used [0x000000071f600000,0x000000071fdd28b0,0x0000000720b00000)
  to   space 21504K, 0% used [0x000000071e100000,0x000000071e100000,0x000000071f600000)
 ParOldGen       total 348160K, used 88K [0x00000005c2200000, 0x00000005d7600000, 0x0000000716100000)
  object space 348160K, 0% used [0x00000005c2200000,0x00000005c2216010,0x00000005d7600000)
 Metaspace       used 20880K, capacity 21146K, committed 21296K, reserved 1069056K
  class space    used 2516K, capacity 2597K, committed 2608K, reserved 1048576K
Event: 1.382 GC heap after
Heap after GC invocations=3 (full 1):
 PSYoungGen      total 152576K, used 0K [0x0000000716100000, 0x0000000720b00000, 0x00000007c0000000)
  eden space 131072K, 0% used [0x0000000716100000,0x0000000716100000,0x000000071e100000)
  from space 21504K, 0% used [0x000000071f600000,0x000000071f600000,0x0000000720b00000)
  to   space 21504K, 0% used [0x000000071e100000,0x000000071e100000,0x000000071f600000)
 ParOldGen       total 220672K, used 7680K [0x00000005c2200000, 0x00000005cf980000, 0x0000000716100000)
  object space 220672K, 3% used [0x00000005c2200000,0x00000005c2980328,0x00000005cf980000)
 Metaspace       used 20880K, capacity 21146K, committed 21296K, reserved 1069056K
  class space    used 2516K, capacity 2597K, committed 2608K, reserved 1048576K
}
Event: 2.134 GC heap before
{Heap before GC invocations=4 (full 1):
 PSYoungGen      total 152576K, used 126034K [0x0000000716100000, 0x0000000720b00000, 0x00000007c0000000)
  eden space 131072K, 96% used [0x0000000716100000,0x000000071dc14b08,0x000000071e100000)
  from space 21504K, 0% used [0x000000071f600000,0x000000071f600000,0x0000000720b00000)
  to   space 21504K, 0% used [0x000000071e100000,0x000000071e100000,0x000000071f600000)
 ParOldGen       total 220672K, used 7680K [0x00000005c2200000, 0x00000005cf980000, 0x0000000716100000)
  object space 220672K, 3% used [0x00000005c2200000,0x00000005c2980328,0x00000005cf980000)
 Metaspace       used 34761K, capacity 35176K, committed 35496K, reserved 1081344K
  class space    used 4423K, capacity 4512K, committed 4528K, reserved 1048576K
Event: 2.139 GC heap after
Heap after GC invocations=4 (full 1):
 PSYoungGen      total 152576K, used 13788K [0x0000000716100000, 0x0000000723d80000, 0x00000007c0000000)
  eden space 131072K, 0% used [0x0000000716100000,0x0000000716100000,0x000000071e100000)
  from space 21504K, 64% used [0x000000071e100000,0x000000071ee77258,0x000000071f600000)
  to   space 21504K, 0% used [0x0000000722880000,0x0000000722880000,0x0000000723d80000)
 ParOldGen       total 220672K, used 7696K [0x00000005c2200000, 0x00000005cf980000, 0x0000000716100000)
  object space 220672K, 3% used [0x00000005c2200000,0x00000005c2984338,0x00000005cf980000)
 Metaspace       used 34761K, capacity 35176K, committed 35496K, reserved 1081344K
  class space    used 4423K, capacity 4512K, committed 4528K, reserved 1048576K
}
Event: 2.139 GC heap before
{Heap before GC invocations=5 (full 2):
 PSYoungGen      total 152576K, used 13788K [0x0000000716100000, 0x0000000723d80000, 0x00000007c0000000)
  eden space 131072K, 0% used [0x0000000716100000,0x0000000716100000,0x000000071e100000)
  from space 21504K, 64% used [0x000000071e100000,0x000000071ee77258,0x000000071f600000)
  to   space 21504K, 0% used [0x0000000722880000,0x0000000722880000,0x0000000723d80000)
 ParOldGen       total 220672K, used 7696K [0x00000005c2200000, 0x00000005cf980000, 0x0000000716100000)
  object space 220672K, 3% used [0x00000005c2200000,0x00000005c2984338,0x00000005cf980000)
 Metaspace       used 34761K, capacity 35176K, committed 35496K, reserved 1081344K
  class space    used 4423K, capacity 4512K, committed 4528K, reserved 1048576K
Event: 2.159 GC heap after
Heap after GC invocations=5 (full 2):
 PSYoungGen      total 152576K, used 0K [0x0000000716100000, 0x0000000723d80000, 0x00000007c0000000)
  eden space 131072K, 0% used [0x0000000716100000,0x0000000716100000,0x000000071e100000)
  from space 21504K, 0% used [0x000000071e100000,0x000000071e100000,0x000000071f600000)
  to   space 21504K, 0% used [0x0000000722880000,0x0000000722880000,0x0000000723d80000)
 ParOldGen       total 386560K, used 17607K [0x00000005c2200000, 0x00000005d9b80000, 0x0000000716100000)
  object space 386560K, 4% used [0x00000005c2200000,0x00000005c3331ef0,0x00000005d9b80000)
 Metaspace       used 34761K, capacity 35176K, committed 35496K, reserved 1081344K
  class space    used 4423K, capacity 4512K, committed 4528K, reserved 1048576K
}

Deoptimization events (10 events):
Event: 14.897 Thread 0x000002c7de189000 Uncommon trap: reason=bimorphic action=maybe_recompile pc=0x000002c7e0525020 method=org.eclipse.swt.widgets.Control.windowProc(JIJJ)J @ 806
Event: 14.897 Thread 0x000002c7de189000 Uncommon trap: reason=unstable_if action=reinterpret pc=0x000002c7dfbda2c4 method=org.eclipse.swt.widgets.Display.runDeferredEvents()Z @ 76
Event: 20.878 Thread 0x000002c7de189000 Uncommon trap: reason=bimorphic action=maybe_recompile pc=0x000002c7e052d8d0 method=org.eclipse.swt.widgets.Control.windowProc(JIJJ)J @ 871
Event: 22.409 Thread 0x000002c7de189000 Uncommon trap: reason=bimorphic action=maybe_recompile pc=0x000002c7e052d8d0 method=org.eclipse.swt.widgets.Control.windowProc(JIJJ)J @ 871
Event: 45.554 Thread 0x000002c7de189000 Uncommon trap: reason=unstable_if action=reinterpret pc=0x000002c7dfe977e0 method=org.eclipse.swt.widgets.Display.runDeferredEvents()Z @ 65
Event: 45.556 Thread 0x000002c7de189000 Uncommon trap: reason=class_check action=maybe_recompile pc=0x000002c7e05bf0b0 method=org.eclipse.swt.widgets.Control.findCursor()Lorg/eclipse/swt/graphics/Cursor; @ 16
Event: 45.556 Thread 0x000002c7de189000 Uncommon trap: reason=class_check action=maybe_recompile pc=0x000002c7e05bf0b0 method=org.eclipse.swt.widgets.Control.findCursor()Lorg/eclipse/swt/graphics/Cursor; @ 16
Event: 45.556 Thread 0x000002c7de189000 Uncommon trap: reason=class_check action=maybe_recompile pc=0x000002c7e05bf0b0 method=org.eclipse.swt.widgets.Control.findCursor()Lorg/eclipse/swt/graphics/Cursor; @ 16
Event: 45.556 Thread 0x000002c7de189000 Uncommon trap: reason=class_check action=maybe_recompile pc=0x000002c7e05bf0b0 method=org.eclipse.swt.widgets.Control.findCursor()Lorg/eclipse/swt/graphics/Cursor; @ 16
Event: 45.579 Thread 0x000002c7de189000 Uncommon trap: reason=unstable_if action=reinterpret pc=0x000002c7e0602fa8 method=org.eclipse.swt.widgets.Synchronizer.removeFirst()Lorg/eclipse/swt/widgets/RunnableLock; @ 11

Classes redefined (0 events):
No events

Internal exceptions (10 events):
Event: 1.009 Thread 0x000002c7de189000 Implicit null exception at 0x000002c7dfcad37e to 0x000002c7dfcadcad
Event: 1.092 Thread 0x000002c7de189000 Implicit null exception at 0x000002c7dfcee799 to 0x000002c7dfceec99
Event: 1.451 Thread 0x000002c7de189000 Implicit null exception at 0x000002c7dfcc3116 to 0x000002c7dfcc35d9
Event: 2.082 Thread 0x000002c7de189000 Exception <a 'java/lang/NoSuchMethodError': java.lang.Object.lambda$static$0(Lorg/hibernate/loader/plan/spi/LoadPlan;Lorg/hibernate/loader/plan/exec/spi/AliasResolutionContext;Lorg/hibernate/loader/plan/exec/process/spi/ReaderCollector;ZZ)Lorg/hibernate/l
Event: 4.600 Thread 0x000002c7de189000 Exception <a 'java/lang/ClassNotFoundException': com/sun/org/glassfish/hk2/osgiresourcelocator/ServiceLoader> (0x0000000717505590) thrown at [C:\jenkins\workspace\8-2-build-windows-amd64-cygwin\jdk8u261\295\hotspot\src\share\vm\classfile\systemDictionary.
Event: 4.735 Thread 0x000002c7de189000 Implicit null exception at 0x000002c7e03c422e to 0x000002c7e03c4419
Event: 4.743 Thread 0x000002c7de189000 Exception <a 'java/lang/NoSuchMethodError': java.lang.Object.lambda$static$0(Lorg/hibernate/type/EntityType;Ljava/lang/Object;Lorg/hibernate/engine/spi/SharedSessionContractImplementor;Ljava/lang/Object;Ljava/lang/Boolean;)Ljava/lang/Object;> (0x000000071
Event: 6.023 Thread 0x000002c7de189000 Exception <a 'java/lang/ClassNotFoundException': com/sun/org/glassfish/hk2/osgiresourcelocator/ServiceLoader> (0x000000071895f0b8) thrown at [C:\jenkins\workspace\8-2-build-windows-amd64-cygwin\jdk8u261\295\hotspot\src\share\vm\classfile\systemDictionary.
Event: 11.127 Thread 0x000002c7de189000 Implicit null exception at 0x000002c7e03d7df5 to 0x000002c7e03d85c9
Event: 17.489 Thread 0x000002c7de189000 Exception <a 'java/lang/ClassNotFoundException': com/sun/org/glassfish/hk2/osgiresourcelocator/ServiceLoader> (0x000000071970c870) thrown at [C:\jenkins\workspace\8-2-build-windows-amd64-cygwin\jdk8u261\295\hotspot\src\share\vm\classfile\systemDictionary.

Events (10 events):
Event: 45.562 loading class java/util/WeakHashMap$HashIterator done
Event: 45.562 loading class java/util/WeakHashMap$KeyIterator done
Event: 45.563 Thread 0x000002c7f5093000 Thread exited: 0x000002c7f5093000
Event: 45.572 loading class org/eclipse/swt/internal/win32/BLENDFUNCTION
Event: 45.572 loading class org/eclipse/swt/internal/win32/BLENDFUNCTION done
Event: 45.572 Thread 0x000002c7de189000 DEOPT PACKING pc=0x000002c7e0092860 sp=0x000000dbb86fcab0
Event: 45.572 Thread 0x000002c7de189000 DEOPT UNPACKING pc=0x000002c7dfb17898 sp=0x000000dbb86fc780 mode 1
Event: 45.579 Thread 0x000002c7de189000 Uncommon trap: trap_request=0xffffff65 fr.pc=0x000002c7e0602fa8
Event: 45.579 Thread 0x000002c7de189000 DEOPT PACKING pc=0x000002c7e0602fa8 sp=0x000000dbb86ff180
Event: 45.579 Thread 0x000002c7de189000 DEOPT UNPACKING pc=0x000002c7dfb15843 sp=0x000000dbb86ff0b8 mode 2


Dynamic libraries:
0x00007ff70d500000 - 0x00007ff70d547000 	C:\Program Files\Java\jdk1.8.0_261\bin\java.exe
0x00007ff8cae10000 - 0x00007ff8caffd000 	C:\Windows\SYSTEM32\ntdll.dll
0x00007ff8cabb0000 - 0x00007ff8cac63000 	C:\Windows\System32\KERNEL32.DLL
0x00007ff8c6f80000 - 0x00007ff8c7213000 	C:\Windows\System32\KERNELBASE.dll
0x00007ff8c8660000 - 0x00007ff8c8703000 	C:\Windows\System32\ADVAPI32.dll
0x00007ff8c8060000 - 0x00007ff8c80fe000 	C:\Windows\System32\msvcrt.dll
0x00007ff8c8100000 - 0x00007ff8c819e000 	C:\Windows\System32\sechost.dll
0x00007ff8cace0000 - 0x00007ff8cae02000 	C:\Windows\System32\RPCRT4.dll
0x00007ff8c82f0000 - 0x00007ff8c8487000 	C:\Windows\System32\USER32.dll
0x00007ff8c6f60000 - 0x00007ff8c6f80000 	C:\Windows\System32\win32u.dll
0x00007ff8ca8c0000 - 0x00007ff8ca8e9000 	C:\Windows\System32\GDI32.dll
0x00007ff8c7dc0000 - 0x00007ff8c7f59000 	C:\Windows\System32\gdi32full.dll
0x00007ff8c7270000 - 0x00007ff8c7310000 	C:\Windows\System32\msvcp_win.dll
0x00007ff8c7f60000 - 0x00007ff8c805a000 	C:\Windows\System32\ucrtbase.dll
0x00007ff8b62b0000 - 0x00007ff8b6529000 	C:\Windows\WinSxS\amd64_microsoft.windows.common-controls_6595b64144ccf1df_6.0.17763.737_none_05b6437c071e554b\COMCTL32.dll
0x00007ff8c9d30000 - 0x00007ff8ca05c000 	C:\Windows\System32\combase.dll
0x00007ff8c7c90000 - 0x00007ff8c7d0e000 	C:\Windows\System32\bcryptPrimitives.dll
0x00007ff8c8490000 - 0x00007ff8c84be000 	C:\Windows\System32\IMM32.DLL
0x00007ff8ae9b0000 - 0x00007ff8ae9c5000 	C:\Program Files\Java\jdk1.8.0_261\jre\bin\vcruntime140.dll
0x00007ff89d080000 - 0x00007ff89d11b000 	C:\Program Files\Java\jdk1.8.0_261\jre\bin\msvcp140.dll
0x000000006e340000 - 0x000000006ebac000 	C:\Program Files\Java\jdk1.8.0_261\jre\bin\server\jvm.dll
0x00007ff8c9c70000 - 0x00007ff8c9c78000 	C:\Windows\System32\PSAPI.DLL
0x00007ff8c2860000 - 0x00007ff8c2884000 	C:\Windows\SYSTEM32\WINMM.dll
0x00007ff8c2950000 - 0x00007ff8c2959000 	C:\Windows\SYSTEM32\WSOCK32.dll
0x00007ff8c1a90000 - 0x00007ff8c1a9a000 	C:\Windows\SYSTEM32\VERSION.dll
0x00007ff8cac70000 - 0x00007ff8cacdd000 	C:\Windows\System32\WS2_32.dll
0x00007ff8c2830000 - 0x00007ff8c285d000 	C:\Windows\SYSTEM32\WINMMBASE.dll
0x00007ff8c7220000 - 0x00007ff8c726a000 	C:\Windows\System32\cfgmgr32.dll
0x00007ff8b6a10000 - 0x00007ff8b6a4a000 	C:\Program Files\Java\jdk1.8.0_261\jre\bin\splashscreen.dll
0x00007ff8c6e50000 - 0x00007ff8c6e61000 	C:\Windows\System32\kernel.appcore.dll
0x00007ff8b0f00000 - 0x00007ff8b0f10000 	C:\Program Files\Java\jdk1.8.0_261\jre\bin\verify.dll
0x00007ff8ae3e0000 - 0x00007ff8ae40b000 	C:\Program Files\Java\jdk1.8.0_261\jre\bin\java.dll
0x00007ff8b6750000 - 0x00007ff8b6786000 	C:\Program Files\Java\jdk1.8.0_261\jre\bin\jdwp.dll
0x00007ff8c3b40000 - 0x00007ff8c3b49000 	C:\Program Files\Java\jdk1.8.0_261\jre\bin\npt.dll
0x00007ff8b16e0000 - 0x00007ff8b1712000 	C:\Program Files\Java\jdk1.8.0_261\jre\bin\instrument.dll
0x00007ff8ab990000 - 0x00007ff8ab9a8000 	C:\Program Files\Java\jdk1.8.0_261\jre\bin\zip.dll
0x00007ff8c8770000 - 0x00007ff8c9c62000 	C:\Windows\System32\SHELL32.dll
0x00007ff8cab00000 - 0x00007ff8caba8000 	C:\Windows\System32\shcore.dll
0x00007ff8c7540000 - 0x00007ff8c7c8a000 	C:\Windows\System32\windows.storage.dll
0x00007ff8c6e70000 - 0x00007ff8c6e94000 	C:\Windows\System32\profapi.dll
0x00007ff8c6ea0000 - 0x00007ff8c6efd000 	C:\Windows\System32\powrprof.dll
0x00007ff8ca8f0000 - 0x00007ff8ca942000 	C:\Windows\System32\shlwapi.dll
0x00007ff8c74f0000 - 0x00007ff8c7507000 	C:\Windows\System32\cryptsp.dll
0x00007ff8c3b10000 - 0x00007ff8c3b1a000 	C:\Program Files\Java\jdk1.8.0_261\jre\bin\dt_socket.dll
0x00007ff8c66a0000 - 0x00007ff8c6707000 	C:\Windows\system32\mswsock.dll
0x0000000010000000 - 0x00000000100a7000 	C:\Users\Administrator\.swt\lib\win32\x86_64\swt-win32-4629.dll
0x00007ff8ca760000 - 0x00007ff8ca8b5000 	C:\Windows\System32\ole32.dll
0x00007ff8c81a0000 - 0x00007ff8c8264000 	C:\Windows\System32\OLEAUT32.dll
0x00007ff8c84d0000 - 0x00007ff8c85f7000 	C:\Windows\System32\comdlg32.dll
0x00007ff8c7310000 - 0x00007ff8c74eb000 	C:\Windows\System32\CRYPT32.dll
0x00007ff8c6e30000 - 0x00007ff8c6e42000 	C:\Windows\System32\MSASN1.dll
0x00007ff8b5eb0000 - 0x00007ff8b5f39000 	C:\Windows\SYSTEM32\WINSPOOL.DRV
0x00007ff8af240000 - 0x00007ff8af259000 	C:\Windows\SYSTEM32\USP10.dll
0x00007ff8b4f60000 - 0x00007ff8b5441000 	C:\Windows\SYSTEM32\WININET.dll
0x00007ff8c7510000 - 0x00007ff8c7536000 	C:\Windows\System32\bcrypt.dll
0x00007ff8c36c0000 - 0x00007ff8c3869000 	C:\Windows\SYSTEM32\PROPSYS.dll
0x00007ff8c63c0000 - 0x00007ff8c63fd000 	C:\Windows\SYSTEM32\IPHLPAPI.DLL
0x00007ff8c4380000 - 0x00007ff8c441c000 	C:\Windows\system32\uxtheme.dll
0x00007ff8ca060000 - 0x00007ff8ca1cb000 	C:\Windows\System32\MSCTF.dll
0x0000000180000000 - 0x00000001800a9000 	C:\Program Files (x86)\MyDrivers\DriverGenius\dghmpg64.dll
0x00007ff8c6d60000 - 0x00007ff8c6d88000 	C:\Windows\SYSTEM32\USERENV.dll
0x00007ff8c2130000 - 0x00007ff8c2143000 	C:\Windows\SYSTEM32\WTSAPI32.dll
0x00007ff8c48d0000 - 0x00007ff8c48fe000 	C:\Windows\system32\dwmapi.dll
0x00007ff892d90000 - 0x00007ff892f24000 	C:\Program Files\Java\jdk1.8.0_261\jre\bin\awt.dll
0x00007ff8c4290000 - 0x00007ff8c431c000 	C:\Windows\SYSTEM32\apphelp.dll
0x00007ff8c6220000 - 0x00007ff8c6253000 	C:\Windows\system32\rsaenh.dll
0x00007ff8c6870000 - 0x00007ff8c687c000 	C:\Windows\SYSTEM32\CRYPTBASE.dll
0x00007ff8a5f60000 - 0x00007ff8a5f7c000 	C:\Program Files\Java\jdk1.8.0_261\jre\bin\net.dll
0x00007ff8ca730000 - 0x00007ff8ca738000 	C:\Windows\System32\NSI.dll
0x00007ff8c1b50000 - 0x00007ff8c1b66000 	C:\Windows\SYSTEM32\dhcpcsvc6.DLL
0x00007ff8c1a70000 - 0x00007ff8c1a8c000 	C:\Windows\SYSTEM32\dhcpcsvc.DLL
0x00007ff8c6400000 - 0x00007ff8c64c6000 	C:\Windows\SYSTEM32\DNSAPI.dll
0x00007ff8a5f40000 - 0x00007ff8a5f53000 	C:\Program Files\Java\jdk1.8.0_261\jre\bin\nio.dll
0x00007ff8b5e40000 - 0x00007ff8b5eac000 	C:\Windows\SYSTEM32\oleacc.dll
0x00007ff8bb5b0000 - 0x00007ff8bb645000 	C:\Windows\System32\TextInputFramework.dll
0x00007ff8c08b0000 - 0x00007ff8c0bd2000 	C:\Windows\System32\CoreUIComponents.dll
0x00007ff8c4040000 - 0x00007ff8c4122000 	C:\Windows\System32\CoreMessaging.dll
0x00007ff8c5ea0000 - 0x00007ff8c5ed1000 	C:\Windows\SYSTEM32\ntmarta.dll
0x00007ff8c2b40000 - 0x00007ff8c2c93000 	C:\Windows\SYSTEM32\wintypes.dll
0x00007ff8b5f60000 - 0x00007ff8b5f67000 	C:\Windows\SYSTEM32\msimg32.dll
0x00007ff8c54f0000 - 0x00007ff8c56dd000 	C:\Windows\SYSTEM32\dbghelp.dll

VM Arguments:
jvm_args: -agentlib:jdwp=transport=dt_socket,address=127.0.0.1:53560,suspend=y,server=n -javaagent:C:\Users\Administrator\AppData\Local\JetBrains\IntelliJIdea2020.2\groovyHotSwap\gragent.jar -javaagent:C:\Users\Administrator\AppData\Local\JetBrains\IntelliJIdea2020.2\captureAgent\debugger-agent.jar -Dfile.encoding=UTF-8 
java_command: com.sp.UI.MainFrame
java_class_path (initial): C:\Program Files\Java\jdk1.8.0_261\jre\lib\charsets.jar;C:\Program Files\Java\jdk1.8.0_261\jre\lib\deploy.jar;C:\Program Files\Java\jdk1.8.0_261\jre\lib\ext\access-bridge-64.jar;C:\Program Files\Java\jdk1.8.0_261\jre\lib\ext\cldrdata.jar;C:\Program Files\Java\jdk1.8.0_261\jre\lib\ext\dnsns.jar;C:\Program Files\Java\jdk1.8.0_261\jre\lib\ext\jaccess.jar;C:\Program Files\Java\jdk1.8.0_261\jre\lib\ext\jfxrt.jar;C:\Program Files\Java\jdk1.8.0_261\jre\lib\ext\localedata.jar;C:\Program Files\Java\jdk1.8.0_261\jre\lib\ext\nashorn.jar;C:\Program Files\Java\jdk1.8.0_261\jre\lib\ext\sunec.jar;C:\Program Files\Java\jdk1.8.0_261\jre\lib\ext\sunjce_provider.jar;C:\Program Files\Java\jdk1.8.0_261\jre\lib\ext\sunmscapi.jar;C:\Program Files\Java\jdk1.8.0_261\jre\lib\ext\sunpkcs11.jar;C:\Program Files\Java\jdk1.8.0_261\jre\lib\ext\zipfs.jar;C:\Program Files\Java\jdk1.8.0_261\jre\lib\javaws.jar;C:\Program Files\Java\jdk1.8.0_261\jre\lib\jce.jar;C:\Program Files\Java\jdk1.8.0_261\jre\lib\jfr.jar;C:\Program Files\Java\jdk1.8.0_261\jre\lib\jfxswt.jar;C:\Program Files\Java\jdk1.8.0_261\jre\lib\jsse.jar;C:\Program Files\Java\jdk1.8.0_261\jre\lib\management-agent.jar;C:\Program Files\Java\jdk1.8.0_261\jre\lib\plugin.jar;C:\Program Files\Java\jdk1.8.0_261\jre\lib\resources.jar;C:\Program Files\Java\jdk1.8.0_261\jre\lib\rt.jar;E:\Code\SmartPutty\out\production\classes;E:\Code\SmartPutty\out\production\resources;E:\Code\SmartPutty\lib\org.eclipse.core.commands_3.8.1.v20161221-1651.jar;E:\Code\SmartPutty\lib\org.eclipse.equinox.common_3.8.0.v20160509-1230.jar;E:\Code\SmartPutty\lib\org.eclipse.jface_3.12.2.v20170113-2113.jar;E:\Code\SmartPutty\lib\org.eclipse.osgi_3.11.3.v20170209-1843.jar;E:\Code\SmartPutty\lib\org.eclipse.ui.workbench_3.108.3.v20170216-1539.jar;E:\Code\SmartPutty\libArch\swt.x64_3.105.3.v20170228-0512.jar;C:\Users\Administrator\.gradle\caches\modules-2\files-2.1\org.springframework\spring-core\4.3.29.RELEASE\363b3a551db5c20c7872aa143e52ce8933374ba
Launcher Type: SUN_STANDARD

Environment Variables:
PATH=C:\Program Files (x86)\Common Files\Oracle\Java\javapath;C:\Program Files\Broadcom\Broadcom 802.11 Network Adapter;C:\Windows\system32;C:\Windows;C:\Windows\System32\Wbem;C:\Windows\System32\WindowsPowerShell\v1.0\;C:\Windows\System32\OpenSSH\;C:\Program Files\Git\cmd;C:\Program Files\dotnet\;C:\Program Files\Microsoft SQL Server\130\Tools\Binn\;C:\Program Files\Microsoft SQL Server\Client SDK\ODBC\170\Tools\Binn\;C:\Software\gradle-6.6.1\bin;C:\Users\Administrator\AppData\Local\Microsoft\WindowsApps;C:\Users\Administrator\.dotnet\tools
USERNAME=Administrator
OS=Windows_NT
PROCESSOR_IDENTIFIER=Intel64 Family 6 Model 158 Stepping 10, GenuineIntel



---------------  S Y S T E M  ---------------

OS: Windows 10.0 , 64 bit Build 17763 (10.0.17763.475)

CPU:total 12 (initial active 12) (6 cores per cpu, 2 threads per core) family 6 model 158 stepping 10, cmov, cx8, fxsr, mmx, sse, sse2, sse3, ssse3, sse4.1, sse4.2, popcnt, avx, avx2, aes, clmul, erms, rtm, 3dnowpref, lzcnt, ht, tsc, tscinvbit, bmi1, bmi2, adx

Memory: 4k page, physical 33410288k(21913932k free), swap 66964720k(48147052k free)

vm_info: Java HotSpot(TM) 64-Bit Server VM (25.261-b12) for windows-amd64 JRE (1.8.0_261-b12), built on Jun 18 2020 06:56:32 by "" with unknown MS VC++:1916

time: Thu Oct  8 17:46:14 2020
timezone: ?D1¨²¡À¨º¡Á?¨º¡À??
elapsed time: 45 seconds (0d 0h 0m 45s)

